APPLICATION	Car_Generic with CMRosIF #55 (linux64-9.0.2)
COMPILED	zz@zz-system-product-name 2020-12-20 03:15:31
 
		CMRosIF: Initialization (v0.6.8-CM7.1.2)
		CMRosIF: Read parameters from 'Data/Config/CMRosIFParameters'
		CMRosIF: Loaded library 'ros/ros1_ws/devel/lib/libCMNode_ROS1_HelloCM.so'
		Initialize CarMaker ROS Node
		  -> Node Version = 00800
		  -> ROS Version  = 1060881
		  -> CM Version   = 90002
		  -> Has param '/use_sim_time' with value '1'
		  -> Provide simulation time!
		    -> Publish '/clock' every 10ms
		  -> Publish 'hellocm/cm2ext'
		  -> Subscribe 'hellocm/ext2cm'
		  -> Service Client 'hellocm/init'
		  -> Create Service 'CMRemote'
		Initialization of ROS Node finished!
		  -> Node Name = '/CMNode'
		  -> Namespace = '/'
		  -> Advertised Topics (3)
		    -> /rosout
		    -> /clock
		    -> /hellocm/cm2ext
		  -> Subscribed Topics (2)
		    -> /clock
		    -> /hellocm/ext2cm
		CMRosIF_CMNode_MyFunc: Here is my own function from the CarMaker ROS Node library!
FIRST_INIT	(internal default used)	2020-12-20 03:31:27
TIME	0.000
		CarMaker ROS Node is disabled!
SIM_END			0s	0m
IDLE	03:31:28
SIM_START	Test	2020-12-20 03:31:32
TIME	0.409
		CarMaker ROS Node is enabled! Mode=1, SyncMode=1
		  -> Node Name = /CMNode
		  -> Publish /clock every 10ms
		  -> Send Service Request
		  -> Cycle time of external node changed from 15000ms to 1ms
TIME	0.001
ERROR		Ext. ROS Node has invalid cycle time! Expected multiple of 10ms but got 1ms
SIM_ABORT	Test	0s	0m
TIME	8.894
		Connection to GUI lost, initiate shutdown
SHUTDOWN	Automatic CarMaker shutdown initiated

		CMRosIF_CMNode_End: End
