APPLICATION	Car_Generic with CMRosIF #56 (linux64-9.0.2)
COMPILED	zz@zz-system-product-name 2020-12-20 03:33:28
 
		CMRosIF: Initialization (v0.6.8-CM7.1.2)
		CMRosIF: Read parameters from 'Data/Config/CMRosIFParameters'
		CMRosIF: Loaded library 'ros/ros1_ws/devel/lib/libCMNode_ROS1_HelloCM.so'
		Initialize CarMaker ROS Node
		  -> Node Version = 00800
		  -> ROS Version  = 1060881
		  -> CM Version   = 90002
		  -> Has param '/use_sim_time' with value '0'
		  -> Don't provide simulation time!
		  -> Publish 'hellocm/cm2ext'
		  -> Subscribe 'hellocm/ext2cm'
		  -> Service Client 'hellocm/init'
		  -> Create Service 'CMRemote'
		Initialization of ROS Node finished!
		  -> Node Name = '/CMNode'
		  -> Namespace = '/'
		  -> Advertised Topics (2)
		    -> /rosout
		    -> /hellocm/cm2ext
		  -> Subscribed Topics (1)
		    -> /hellocm/ext2cm
		CMRosIF_CMNode_MyFunc: Here is my own function from the CarMaker ROS Node library!
FIRST_INIT	(internal default used)	2020-12-20 03:42:56
TIME	0.000
		CarMaker ROS Node is disabled!
SIM_END			0s	0m
IDLE	03:42:56
SIM_START	Test	2020-12-20 03:43:00
TIME	0.367
		CarMaker ROS Node is disabled!
TIME	0.000
SIMULATE	Test

TIME	30.007
SIM_END		Test	30s	120.422m
TIME	53.653
SIM_START	Test	2020-12-20 03:47:31
TIME	0.002
		CarMaker ROS Node is disabled!
TIME	0.000
SIMULATE	Test

TIME	31.021
SHUTDOWN	CarMaker shutdown initiated

SIM_END		Test	31.021s	122.21m
		CMRosIF_CMNode_End: End
