APPLICATION	Car_Generic with CMRosIF #9 (linux64-9.0.2)
COMPILED	zz@zz-system-product-name 2020-12-18 15:55:12
 
		CMRosIF: Initialization (v0.6.8-CM7.1.2)
		CMRosIF: Read parameters from 'Data/Config/CMRosIFParameters'
		CMRosIF: Loaded library 'ros/ros1_ws/devel/lib/libCMNode_ROS1_HelloCM.so'
		Initialize CarMaker ROS Node
		  -> Node Version = 00800
		  -> ROS Version  = 1060881
		  -> CM Version   = 90002
		  -> Has param '/use_sim_time' with value '1'
		  -> Provide simulation time!
		    -> Publish '/clock' every 100ms
		  -> Publish 'hellocm/cm2ext'
		  -> Subscribe 'hellocm/ext2cm'
		  -> Service Client 'hellocm/init'
		  -> Create Service 'CMRemote'
		Initialization of ROS Node finished!
		  -> Node Name = '/CMNode'
		  -> Namespace = '/'
		  -> Advertised Topics (3)
		    -> /rosout
		    -> /clock
		    -> /hellocm/cm2ext
		  -> Subscribed Topics (2)
		    -> /clock
		    -> /hellocm/ext2cm
		CMRosIF_CMNode_MyFunc: Here is my own function from the CarMaker ROS Node library!
FIRST_INIT	(internal default used)	2020-12-18 16:20:43
TIME	0.000
		CarMaker ROS Node is disabled!
SIM_END			0s	0m
IDLE	16:20:44
SIM_START	Examples/VehicleDynamics/Handling/Eight	2020-12-18 16:20:53
TIME	0.002
		CarMaker ROS Node is enabled! Mode=1, SyncMode=0
		  -> Node Name = /CMNode
		  -> Publish /clock every 100ms
		  -> Send Service Request
		  -> Cycle time of external node changed from 15000ms to 10000ms
		External ROS Node is ready to simulate
TIME	0.000
SIMULATE	Examples/VehicleDynamics/Handling/Eight

TIME	10.010
		/CMNode (CMSimTime=10.009s): External Node is in cycle 1, Time=10.000s, Stamp=1608276065.129s, SeqID=0
TIME	20.005
		/CMNode (CMSimTime=20.004s): External Node is in cycle 2, Time=20.000s, Stamp=1608276075.122s, SeqID=1
TIME	30.002
		/CMNode (CMSimTime=30.001s): External Node is in cycle 3, Time=30.000s, Stamp=1608276085.119s, SeqID=2
TIME	37.671
SIM_END		Examples/VehicleDynamics/Handling/Eight	37.664s	399.686m
TIME	283.496
SHUTDOWN	CarMaker shutdown initiated

		CMRosIF_CMNode_End: End
