APPLICATION	Car_Generic with CMRosIF #16 (linux64-9.0.2)
COMPILED	zz@zz-system-product-name 2020-12-18 17:48:18
 
		CMRosIF: Initialization (v0.6.8-CM7.1.2)
		CMRosIF: Read parameters from 'Data/Config/CMRosIFParameters'
		CMRosIF: Loaded library 'ros/ros1_ws/devel/lib/libCMNode_ROS1_HelloCM.so'
		Initialize CarMaker ROS Node
		  -> Node Version = 00800
		  -> ROS Version  = 1060881
		  -> CM Version   = 90002
		  -> Has param '/use_sim_time' with value '1'
		  -> Provide simulation time!
		    -> Publish '/clock' every 100ms
		  -> Publish 'hellocm/cm2ext'
		  -> Subscribe 'hellocm/ext2cm'
		  -> Service Client 'hellocm/init'
		  -> Create Service 'CMRemote'
		Initialization of ROS Node finished!
		  -> Node Name = '/CMNode'
		  -> Namespace = '/'
		  -> Advertised Topics (3)
		    -> /rosout
		    -> /clock
		    -> /hellocm/cm2ext
		  -> Subscribed Topics (2)
		    -> /clock
		    -> /hellocm/ext2cm
		CMRosIF_CMNode_MyFunc: Here is my own function from the CarMaker ROS Node library!
FIRST_INIT	(internal default used)	2020-12-18 17:53:23
TIME	0.000
		CarMaker ROS Node is disabled!
SIM_END			0s	0m
IDLE	17:53:23
SIM_START	Test	2020-12-18 17:53:26
TIME	0.245
		CarMaker ROS Node is enabled! Mode=1, SyncMode=0
		  -> Node Name = /CMNode
		  -> Publish /clock every 100ms
		  -> Send Service Request
TIME	0.001
		  -> Cycle time of external node changed from 15000ms to 10000ms
		External ROS Node is ready to simulate
TIME	0.000
SIMULATE	Test

SHUTDOWN	CarMaker quick shutdown initiated

TIME	32.742
		Caught signal SIGTERM (15)
		CMRosIF_CMNode_End: End
