APPLICATION	Car_Generic with CMRosIF #9 (linux64-9.0.2)
COMPILED	zz@zz-system-product-name 2020-12-18 15:55:12
 
		CMRosIF: Initialization (v0.6.8-CM7.1.2)
		CMRosIF: Read parameters from 'Data/Config/CMRosIFParameters'
		CMRosIF: Loaded library 'ros/ros1_ws/devel/lib/libCMNode_ROS1_HelloCM.so'
		Initialize CarMaker ROS Node
		  -> Node Version = 00800
		  -> ROS Version  = 1060881
		  -> CM Version   = 90002
		  -> Has param '/use_sim_time' with value '1'
		  -> Provide simulation time!
		    -> Publish '/clock' every 100ms
		  -> Publish 'hellocm/cm2ext'
		  -> Subscribe 'hellocm/ext2cm'
		  -> Service Client 'hellocm/init'
		  -> Create Service 'CMRemote'
		Initialization of ROS Node finished!
		  -> Node Name = '/CMNode'
		  -> Namespace = '/'
		  -> Advertised Topics (3)
		    -> /rosout
		    -> /clock
		    -> /hellocm/cm2ext
		  -> Subscribed Topics (2)
		    -> /clock
		    -> /hellocm/ext2cm
		CMRosIF_CMNode_MyFunc: Here is my own function from the CarMaker ROS Node library!
FIRST_INIT	(internal default used)	2020-12-18 15:55:53
TIME	0.000
		CarMaker ROS Node is disabled!
SIM_END			0s	0m
IDLE	15:55:53
SIM_START	Examples/VehicleDynamics/Ride/Jumping	2020-12-18 15:55:54
TIME	0.002
		CarMaker ROS Node is enabled! Mode=1, SyncMode=0
		  -> Node Name = /CMNode
		  -> Publish /clock every 100ms
		  -> Send Service Request
		  -> Cycle time of external node changed from 15000ms to 10000ms
		External ROS Node is ready to simulate
TIME	0.000
SIMULATE	Examples/VehicleDynamics/Ride/Jumping

TIME	10.007
		/CMNode (CMSimTime=10.006s): External Node is in cycle 1, Time=10.000s, Stamp=1608274565.745s, SeqID=0
TIME	20.008
		/CMNode (CMSimTime=20.007s): External Node is in cycle 2, Time=20.000s, Stamp=1608274575.745s, SeqID=1
TIME	28.347
SIM_END		Examples/VehicleDynamics/Ride/Jumping	28.34s	655.749m
SIM_START	Examples/VehicleDynamics/Ride/Jumping	2020-12-18 15:56:27
TIME	0.002
		CarMaker ROS Node is enabled! Mode=1, SyncMode=0
		  -> Node Name = /CMNode
		  -> Publish /clock every 100ms
		  -> Send Service Request
		External ROS Node is ready to simulate
TIME	0.000
SIMULATE	Examples/VehicleDynamics/Ride/Jumping

TIME	10.004
		/CMNode (CMSimTime=10.003s): External Node is in cycle 1, Time=10.000s, Stamp=1608274598.497s, SeqID=2
TIME	20.007
		/CMNode (CMSimTime=20.006s): External Node is in cycle 2, Time=20.000s, Stamp=1608274608.499s, SeqID=3
TIME	28.347
SIM_END		Examples/VehicleDynamics/Ride/Jumping	28.34s	655.749m
SIM_START	Examples/VehicleDynamics/Ride/Bumps	2020-12-18 15:57:05
TIME	0.002
		CarMaker ROS Node is enabled! Mode=1, SyncMode=0
		  -> Node Name = /CMNode
		  -> Publish /clock every 100ms
		  -> Send Service Request
		External ROS Node is ready to simulate
TIME	0.000
SIMULATE	Examples/VehicleDynamics/Ride/Bumps

TIME	10.010
		/CMNode (CMSimTime=10.009s): External Node is in cycle 1, Time=10.000s, Stamp=1608274636.539s, SeqID=4
TIME	20.010
		/CMNode (CMSimTime=20.009s): External Node is in cycle 2, Time=20.000s, Stamp=1608274646.536s, SeqID=5
TIME	27.358
SIM_END		Examples/VehicleDynamics/Ride/Bumps	27.353s	65.7615m
SIM_START	Examples/VehicleDynamics/Handling/Eight	2020-12-18 15:57:34
TIME	0.002
		CarMaker ROS Node is enabled! Mode=1, SyncMode=0
		  -> Node Name = /CMNode
		  -> Publish /clock every 100ms
		  -> Send Service Request
		External ROS Node is ready to simulate
TIME	0.000
SIMULATE	Examples/VehicleDynamics/Handling/Eight

TIME	10.004
		/CMNode (CMSimTime=10.003s): External Node is in cycle 1, Time=10.000s, Stamp=1608274666.059s, SeqID=6
TIME	20.002
		/CMNode (CMSimTime=20.001s): External Node is in cycle 2, Time=20.000s, Stamp=1608274676.057s, SeqID=7
TIME	30.010
		/CMNode (CMSimTime=30.009s): External Node is in cycle 3, Time=30.000s, Stamp=1608274686.066s, SeqID=8
TIME	40.006
		/CMNode (CMSimTime=40.005s): External Node is in cycle 4, Time=40.000s, Stamp=1608274696.060s, SeqID=9
TIME	50.005
		/CMNode (CMSimTime=50.004s): External Node is in cycle 5, Time=50.000s, Stamp=1608274706.060s, SeqID=10
SIM_END		Examples/VehicleDynamics/Handling/Eight	50.582s	547.664m
TIME	134.697
SIM_START	Examples/VehicleDynamics/Handling/Eight	2020-12-18 16:12:27
TIME	134.697
		CarMaker ROS Node is enabled! Mode=1, SyncMode=0
		  -> Node Name = /CMNode
		  -> Publish /clock every 100ms
		  -> Send Service Request
		External ROS Node is ready to simulate
TIME	0.000
SIMULATE	Examples/VehicleDynamics/Handling/Eight

TIME	10.011
		/CMNode (CMSimTime=10.010s): External Node is in cycle 1, Time=10.000s, Stamp=1608275559.190s, SeqID=11
TIME	20.012
		/CMNode (CMSimTime=20.011s): External Node is in cycle 2, Time=20.000s, Stamp=1608275569.191s, SeqID=12
TIME	23.186
SIM_END		Examples/VehicleDynamics/Handling/Eight	23.179s	234.237m
TIME	69.292
SIM_START	Examples/VehicleDynamics/Handling/Eight	2020-12-18 16:20:33
TIME	69.292
		CarMaker ROS Node is enabled! Mode=1, SyncMode=0
		  -> Node Name = /CMNode
		  -> Publish /clock every 100ms
ERROR		ROS Service is not ready! Please start external ROS Node providing Service '/hellocm/init'!
TIME	0.017
SIM_ABORT	Examples/VehicleDynamics/Handling/Eight	0s	234.237m
SHUTDOWN	CarMaker shutdown initiated

		CMRosIF_CMNode_End: End
