APPLICATION	Car_Generic with CMRosIF #58 (linux64-9.0.2)
COMPILED	zz@zz-system-product-name 2020-12-20 03:53:32
 
		CMRosIF: Initialization (v0.6.8-CM7.1.2)
		CMRosIF: Read parameters from 'Data/Config/CMRosIFParameters'
		CMRosIF: Loaded library 'ros/ros1_ws/devel/lib/libCMNode_ROS1_HelloCM.so'
		Initialize CarMaker ROS Node
		  -> Node Version = 00800
		  -> ROS Version  = 1060881
		  -> CM Version   = 90002
		  -> Has param '/use_sim_time' with value '0'
		  -> Provide simulation time!
		    -> Publish '/clock' every 1ms
		  -> Publish 'hellocm/cm2ext'
		  -> Subscribe 'hellocm/ext2cm'
		  -> Service Client 'hellocm/init'
		  -> Create Service 'CMRemote'
		Initialization of ROS Node finished!
		  -> Node Name = '/CMNode'
		  -> Namespace = '/'
		  -> Advertised Topics (3)
		    -> /rosout
		    -> /clock
		    -> /hellocm/cm2ext
		  -> Subscribed Topics (1)
		    -> /hellocm/ext2cm
		CMRosIF_CMNode_MyFunc: Here is my own function from the CarMaker ROS Node library!
FIRST_INIT	(internal default used)	2020-12-20 03:57:39
TIME	0.000
		CarMaker ROS Node is disabled!
SIM_END			0s	0m
IDLE	03:57:39
SIM_START	Test	2020-12-20 03:57:43
TIME	0.002
		CarMaker ROS Node is disabled!
TIME	0.000
SIMULATE	Test

TIME	25.674
SIM_END		Test	25.669s	51.4302m
SIM_START	Test	2020-12-20 03:58:16
TIME	0.002
		CMRosIF: Read parameters from 'Data/Config/CMRosIFParameters'
		CarMaker ROS Node is disabled!
TIME	0.000
SIMULATE	Test

TIME	22.526
SHUTDOWN	CarMaker shutdown initiated

SIM_END		Test	22.526s	51.4294m
		CMRosIF_CMNode_End: End
