Determining if the pthread_create exist failed with the following output:
Change Dir: /home/zz/carmaker_ros/ros/ros1_ws/build-src-ROS-Debug/CMakeFiles/CMakeTmp

Run Build Command:"/usr/bin/make" "cmTC_6055a/fast"
/usr/bin/make -f CMakeFiles/cmTC_6055a.dir/build.make CMakeFiles/cmTC_6055a.dir/build
make[1]: Entering directory '/home/zz/carmaker_ros/ros/ros1_ws/build-src-ROS-Debug/CMakeFiles/CMakeTmp'
Building C object CMakeFiles/cmTC_6055a.dir/CheckSymbolExists.c.o
/usr/bin/gcc     -o CMakeFiles/cmTC_6055a.dir/CheckSymbolExists.c.o   -c /home/zz/carmaker_ros/ros/ros1_ws/build-src-ROS-Debug/CMakeFiles/CMakeTmp/CheckSymbolExists.c
Linking C executable cmTC_6055a
/usr/bin/cmake -E cmake_link_script CMakeFiles/cmTC_6055a.dir/link.txt --verbose=1
/usr/bin/gcc       CMakeFiles/cmTC_6055a.dir/CheckSymbolExists.c.o  -o cmTC_6055a -rdynamic 
CMakeFiles/cmTC_6055a.dir/CheckSymbolExists.c.o: In function `main':
CheckSymbolExists.c:(.text+0x16): undefined reference to `pthread_create'
collect2: error: ld returned 1 exit status
CMakeFiles/cmTC_6055a.dir/build.make:97: recipe for target 'cmTC_6055a' failed
make[1]: *** [cmTC_6055a] Error 1
make[1]: Leaving directory '/home/zz/carmaker_ros/ros/ros1_ws/build-src-ROS-Debug/CMakeFiles/CMakeTmp'
Makefile:126: recipe for target 'cmTC_6055a/fast' failed
make: *** [cmTC_6055a/fast] Error 2

File /home/zz/carmaker_ros/ros/ros1_ws/build-src-ROS-Debug/CMakeFiles/CMakeTmp/CheckSymbolExists.c:
/* */
#include <pthread.h>

int main(int argc, char** argv)
{
  (void)argv;
#ifndef pthread_create
  return ((int*)(&pthread_create))[argc];
#else
  (void)argc;
  return 0;
#endif
}

Determining if the function pthread_create exists in the pthreads failed with the following output:
Change Dir: /home/zz/carmaker_ros/ros/ros1_ws/build-src-ROS-Debug/CMakeFiles/CMakeTmp

Run Build Command:"/usr/bin/make" "cmTC_a3a5d/fast"
/usr/bin/make -f CMakeFiles/cmTC_a3a5d.dir/build.make CMakeFiles/cmTC_a3a5d.dir/build
make[1]: Entering directory '/home/zz/carmaker_ros/ros/ros1_ws/build-src-ROS-Debug/CMakeFiles/CMakeTmp'
Building C object CMakeFiles/cmTC_a3a5d.dir/CheckFunctionExists.c.o
/usr/bin/gcc    -DCHECK_FUNCTION_EXISTS=pthread_create   -o CMakeFiles/cmTC_a3a5d.dir/CheckFunctionExists.c.o   -c /usr/share/cmake-3.5/Modules/CheckFunctionExists.c
Linking C executable cmTC_a3a5d
/usr/bin/cmake -E cmake_link_script CMakeFiles/cmTC_a3a5d.dir/link.txt --verbose=1
/usr/bin/gcc   -DCHECK_FUNCTION_EXISTS=pthread_create    CMakeFiles/cmTC_a3a5d.dir/CheckFunctionExists.c.o  -o cmTC_a3a5d -rdynamic -lpthreads 
/usr/bin/ld: cannot find -lpthreads
collect2: error: ld returned 1 exit status
CMakeFiles/cmTC_a3a5d.dir/build.make:97: recipe for target 'cmTC_a3a5d' failed
make[1]: *** [cmTC_a3a5d] Error 1
make[1]: Leaving directory '/home/zz/carmaker_ros/ros/ros1_ws/build-src-ROS-Debug/CMakeFiles/CMakeTmp'
Makefile:126: recipe for target 'cmTC_a3a5d/fast' failed
make: *** [cmTC_a3a5d/fast] Error 2


